<?xml version="1.0" encoding="UTF-8"?>
<robot generator="Robot 6.0.1 (Python 3.11.1 on win32)" generated="20230707 09:36:15.543" rpa="false" schemaversion="3">
<suite id="s1" name="Admin" source="d:\Stage\Projet01\01-Tests\Admin\Admin.robot">
<test id="s1-t1" name="premier cas de test" line="13">
<kw name="se logger dans orange" library="CommonFunctions" type="SETUP">
<doc>keyword pour se loguer</doc>
<kw name="Sleep" library="BuiltIn">
<arg>2</arg>
<doc>Pauses the test executed for the given time.</doc>
<msg timestamp="20230707 09:36:17.720" level="INFO">Slept 2 seconds</msg>
<status status="PASS" starttime="20230707 09:36:15.719" endtime="20230707 09:36:17.722"/>
</kw>
<kw name="Log To Console" library="BuiltIn">
<arg>ouverture du navigateur</arg>
<doc>Logs the given message to the console.</doc>
<status status="PASS" starttime="20230707 09:36:17.722" endtime="20230707 09:36:17.723"/>
</kw>
<kw name="Sleep" library="BuiltIn">
<arg>${ExecutionSettings.TIMEOUT}</arg>
<doc>Pauses the test executed for the given time.</doc>
<msg timestamp="20230707 09:36:27.726" level="INFO">Slept 10 seconds</msg>
<status status="PASS" starttime="20230707 09:36:17.724" endtime="20230707 09:36:27.727"/>
</kw>
<kw name="Open Browser" library="SeleniumLibrary">
<arg>${ExecutionSettings.orange_url}</arg>
<arg>${ExecutionSettings.browser}</arg>
<doc>Opens a new browser instance to the optional ``url``.</doc>
<msg timestamp="20230707 09:36:27.730" level="INFO">Opening browser 'chrome' to base url 'https://opensource-demo.orangehrmlive.com/web/index.php/auth/login'.</msg>
<status status="PASS" starttime="20230707 09:36:27.728" endtime="20230707 09:36:30.948"/>
</kw>
<kw name="Maximize Browser Window" library="SeleniumLibrary">
<doc>Maximizes current browser window.</doc>
<status status="PASS" starttime="20230707 09:36:30.948" endtime="20230707 09:36:31.062"/>
</kw>
<kw name="Sleep" library="BuiltIn">
<arg>${ExecutionSettings.TIMEOUT}</arg>
<doc>Pauses the test executed for the given time.</doc>
<msg timestamp="20230707 09:36:41.063" level="INFO">Slept 10 seconds</msg>
<status status="PASS" starttime="20230707 09:36:31.063" endtime="20230707 09:36:41.063"/>
</kw>
<kw name="Log To Console" library="BuiltIn">
<arg>navigateur ouvert</arg>
<doc>Logs the given message to the console.</doc>
<status status="PASS" starttime="20230707 09:36:41.064" endtime="20230707 09:36:41.065"/>
</kw>
<kw name="Set Log Level" library="BuiltIn">
<arg>None</arg>
<doc>Sets the log threshold to the specified level and returns the old level.</doc>
<status status="PASS" starttime="20230707 09:36:41.065" endtime="20230707 09:36:41.066"/>
</kw>
<kw name="Wait Until Element Is Visible" library="SeleniumLibrary">
<arg>${AccesUnifieOrange.username.xpath}</arg>
<doc>Waits until the element ``locator`` is visible.</doc>
<status status="PASS" starttime="20230707 09:36:41.066" endtime="20230707 09:36:41.129"/>
</kw>
<kw name="Click Element" library="SeleniumLibrary">
<arg>${AccesUnifieOrange.username.xpath}</arg>
<doc>Click the element identified by ``locator``.</doc>
<status status="PASS" starttime="20230707 09:36:41.129" endtime="20230707 09:36:41.195"/>
</kw>
<kw name="Input Text" library="SeleniumLibrary">
<arg>${AccesUnifieOrange.username.xpath}</arg>
<arg>${AccesDataInput.username}</arg>
<doc>Types the given ``text`` into the text field identified by ``locator``.</doc>
<status status="PASS" starttime="20230707 09:36:41.195" endtime="20230707 09:36:41.262"/>
</kw>
<kw name="Set Log Level" library="BuiltIn">
<arg>INFO</arg>
<doc>Sets the log threshold to the specified level and returns the old level.</doc>
<msg timestamp="20230707 09:36:41.262" level="INFO">Log level changed from NONE to INFO.</msg>
<status status="PASS" starttime="20230707 09:36:41.262" endtime="20230707 09:36:41.262"/>
</kw>
<kw name="Wait Until Element Is Visible" library="SeleniumLibrary">
<arg>${AccesUnifieOrange.password.xpath}</arg>
<doc>Waits until the element ``locator`` is visible.</doc>
<status status="PASS" starttime="20230707 09:36:41.263" endtime="20230707 09:36:41.289"/>
</kw>
<kw name="Click Element" library="SeleniumLibrary">
<arg>${AccesUnifieOrange.password.xpath}</arg>
<doc>Click the element identified by ``locator``.</doc>
<msg timestamp="20230707 09:36:41.290" level="INFO">Clicking element '//input[@placeholder='Password']'.</msg>
<status status="PASS" starttime="20230707 09:36:41.289" endtime="20230707 09:36:41.336"/>
</kw>
<kw name="Input Text" library="SeleniumLibrary">
<arg>${AccesUnifieOrange.password.xpath}</arg>
<arg>${AccesDataInput.password}</arg>
<doc>Types the given ``text`` into the text field identified by ``locator``.</doc>
<msg timestamp="20230707 09:36:41.339" level="INFO">Typing text 'admin123' into text field '//input[@placeholder='Password']'.</msg>
<status status="PASS" starttime="20230707 09:36:41.338" endtime="20230707 09:36:41.425"/>
</kw>
<kw name="Log To Console" library="BuiltIn">
<arg>succes de saisi de username et password</arg>
<doc>Logs the given message to the console.</doc>
<status status="PASS" starttime="20230707 09:36:41.426" endtime="20230707 09:36:41.427"/>
</kw>
<kw name="Set Log Level" library="BuiltIn">
<arg>INFO</arg>
<doc>Sets the log threshold to the specified level and returns the old level.</doc>
<msg timestamp="20230707 09:36:41.427" level="INFO">Log level changed from INFO to INFO.</msg>
<status status="PASS" starttime="20230707 09:36:41.427" endtime="20230707 09:36:41.428"/>
</kw>
<kw name="Wait Until Element Is Visible" library="SeleniumLibrary">
<arg>${AccesUnifieOrange.submit.xpath}</arg>
<doc>Waits until the element ``locator`` is visible.</doc>
<status status="PASS" starttime="20230707 09:36:41.428" endtime="20230707 09:36:41.461"/>
</kw>
<kw name="Click Button" library="SeleniumLibrary">
<arg>${AccesUnifieOrange.submit.xpath}</arg>
<doc>Clicks the button identified by ``locator``.</doc>
<msg timestamp="20230707 09:36:41.462" level="INFO">Clicking button '//button[normalize-space()='Login']'.</msg>
<status status="PASS" starttime="20230707 09:36:41.461" endtime="20230707 09:36:41.547"/>
</kw>
<kw name="Sleep" library="BuiltIn">
<arg>${ExecutionSettings.ATTENTE}</arg>
<doc>Pauses the test executed for the given time.</doc>
<msg timestamp="20230707 09:36:44.548" level="INFO">Slept 3 seconds</msg>
<status status="PASS" starttime="20230707 09:36:41.547" endtime="20230707 09:36:44.548"/>
</kw>
<kw name="Log To Console" library="BuiltIn">
<arg>login avec succes</arg>
<doc>Logs the given message to the console.</doc>
<status status="PASS" starttime="20230707 09:36:44.548" endtime="20230707 09:36:44.550"/>
</kw>
<status status="PASS" starttime="20230707 09:36:15.718" endtime="20230707 09:36:44.550"/>
</kw>
<kw name="Log To Console" library="BuiltIn">
<arg>premier cas de test</arg>
<doc>Logs the given message to the console.</doc>
<status status="PASS" starttime="20230707 09:36:44.551" endtime="20230707 09:36:44.551"/>
</kw>
<kw name="Admin aller a la page Admin" library="AdminFonctionsPrincipales">
<doc>ce keyword permet de se deplacer vers la page Admin</doc>
<kw name="aller vers un lien" library="CommonFunctions">
<arg>${OrangeHomePage.link_Admin.xpath}</arg>
<kw name="Wait Until Element Is Visible" library="SeleniumLibrary">
<arg>${locators}</arg>
<doc>Waits until the element ``locator`` is visible.</doc>
<status status="PASS" starttime="20230707 09:36:44.553" endtime="20230707 09:36:44.586"/>
</kw>
<kw name="Click Element" library="SeleniumLibrary">
<arg>${locators}</arg>
<doc>Click the element identified by ``locator``.</doc>
<msg timestamp="20230707 09:36:44.587" level="INFO">Clicking element '//*[@id="app"]/div[1]/div[1]/aside/nav/div[2]/ul/li[1]/a/span'.</msg>
<status status="PASS" starttime="20230707 09:36:44.586" endtime="20230707 09:36:45.242"/>
</kw>
<kw name="Sleep" library="BuiltIn">
<arg>${ExecutionSettings.ATTENTE}</arg>
<doc>Pauses the test executed for the given time.</doc>
<msg timestamp="20230707 09:36:48.243" level="INFO">Slept 3 seconds</msg>
<status status="PASS" starttime="20230707 09:36:45.242" endtime="20230707 09:36:48.244"/>
</kw>
<status status="PASS" starttime="20230707 09:36:44.552" endtime="20230707 09:36:48.244"/>
</kw>
<status status="PASS" starttime="20230707 09:36:44.552" endtime="20230707 09:36:48.244"/>
</kw>
<kw name="Log To Console" library="BuiltIn">
<arg>cliquer sur Add</arg>
<doc>Logs the given message to the console.</doc>
<status status="PASS" starttime="20230707 09:36:48.245" endtime="20230707 09:36:48.245"/>
</kw>
<kw name="Admin lien pour ajouter un nouveau utilisateur" library="AdminFonctionsPrincipales">
<doc>ce keyword permet de cliquer sur le bouton "+ Add" pour afficher la page d'ajout d'un nouveau utilisateur</doc>
<kw name="Wait Until Element Is Visible" library="SeleniumLibrary">
<arg>${USerManager.SystemUsers.Add_Champ.btn_add.xpath}</arg>
<doc>Waits until the element ``locator`` is visible.</doc>
<status status="PASS" starttime="20230707 09:36:48.247" endtime="20230707 09:36:48.273"/>
</kw>
<kw name="Click Button" library="SeleniumLibrary">
<arg>${USerManager.SystemUsers.Add_Champ.btn_add.xpath}</arg>
<doc>Clicks the button identified by ``locator``.</doc>
<msg timestamp="20230707 09:36:48.274" level="INFO">Clicking button '//button[normalize-space()='Add']'.</msg>
<status status="PASS" starttime="20230707 09:36:48.273" endtime="20230707 09:36:48.693"/>
</kw>
<kw name="Sleep" library="BuiltIn">
<arg>${ExecutionSettings.ATTENTE}</arg>
<doc>Pauses the test executed for the given time.</doc>
<msg timestamp="20230707 09:36:51.695" level="INFO">Slept 3 seconds</msg>
<status status="PASS" starttime="20230707 09:36:48.693" endtime="20230707 09:36:51.695"/>
</kw>
<status status="PASS" starttime="20230707 09:36:48.246" endtime="20230707 09:36:51.695"/>
</kw>
<kw name="Admin valider les elements ajout utilisateur" library="AdminFonctionsPrincipales">
<doc>ce keyword verifie les elements sur la page d'ajout un nouveau utilisateur</doc>
<kw name="Valider le contenu de un champ label" library="CommonFunctions">
<arg>${USerManager.SystemUsers.Add_titre_Champ.txt_user_role.xpath}</arg>
<arg>${USerManager.SystemUsers.Add_titre_Champ.txt_user_role.descriptiom}</arg>
<kw name="Get Text" library="SeleniumLibrary">
<var>${contenu_champ}</var>
<arg>${locator}</arg>
<doc>Returns the text value of the element identified by ``locator``.</doc>
<msg timestamp="20230707 09:36:51.733" level="INFO">${contenu_champ} = User Role</msg>
<status status="PASS" starttime="20230707 09:36:51.698" endtime="20230707 09:36:51.733"/>
</kw>
<kw name="Should Be Equal As Strings" library="BuiltIn">
<arg>${contenu_champ}</arg>
<arg>${contenu_comparaison}</arg>
<doc>Fails if objects are unequal after converting them to strings.</doc>
<status status="PASS" starttime="20230707 09:36:51.733" endtime="20230707 09:36:51.734"/>
</kw>
<status status="PASS" starttime="20230707 09:36:51.697" endtime="20230707 09:36:51.734"/>
</kw>
<kw name="Valider le contenu de un champ label" library="CommonFunctions">
<arg>${USerManager.SystemUsers.Add_titre_Champ.txt_employee_name.xpath}</arg>
<arg>${USerManager.SystemUsers.Add_titre_Champ.txt_employee_name.descriptiom}</arg>
<kw name="Get Text" library="SeleniumLibrary">
<var>${contenu_champ}</var>
<arg>${locator}</arg>
<doc>Returns the text value of the element identified by ``locator``.</doc>
<msg timestamp="20230707 09:36:51.759" level="INFO">${contenu_champ} = Employee Name</msg>
<status status="PASS" starttime="20230707 09:36:51.736" endtime="20230707 09:36:51.759"/>
</kw>
<kw name="Should Be Equal As Strings" library="BuiltIn">
<arg>${contenu_champ}</arg>
<arg>${contenu_comparaison}</arg>
<doc>Fails if objects are unequal after converting them to strings.</doc>
<status status="PASS" starttime="20230707 09:36:51.759" endtime="20230707 09:36:51.760"/>
</kw>
<status status="PASS" starttime="20230707 09:36:51.734" endtime="20230707 09:36:51.760"/>
</kw>
<kw name="Valider le contenu de un champ label" library="CommonFunctions">
<arg>${USerManager.SystemUsers.Add_titre_Champ.txt_status.xpath}</arg>
<arg>${USerManager.SystemUsers.Add_titre_Champ.txt_status.descriptiom}</arg>
<kw name="Get Text" library="SeleniumLibrary">
<var>${contenu_champ}</var>
<arg>${locator}</arg>
<doc>Returns the text value of the element identified by ``locator``.</doc>
<msg timestamp="20230707 09:36:51.782" level="INFO">${contenu_champ} = Status</msg>
<status status="PASS" starttime="20230707 09:36:51.762" endtime="20230707 09:36:51.783"/>
</kw>
<kw name="Should Be Equal As Strings" library="BuiltIn">
<arg>${contenu_champ}</arg>
<arg>${contenu_comparaison}</arg>
<doc>Fails if objects are unequal after converting them to strings.</doc>
<status status="PASS" starttime="20230707 09:36:51.783" endtime="20230707 09:36:51.784"/>
</kw>
<status status="PASS" starttime="20230707 09:36:51.760" endtime="20230707 09:36:51.784"/>
</kw>
<kw name="Valider le contenu de un champ label" library="CommonFunctions">
<arg>${USerManager.SystemUsers.Add_titre_Champ.txt_username.xpath}</arg>
<arg>${USerManager.SystemUsers.Add_titre_Champ.txt_username.descriptiom}</arg>
<kw name="Get Text" library="SeleniumLibrary">
<var>${contenu_champ}</var>
<arg>${locator}</arg>
<doc>Returns the text value of the element identified by ``locator``.</doc>
<msg timestamp="20230707 09:36:51.812" level="INFO">${contenu_champ} = Username</msg>
<status status="PASS" starttime="20230707 09:36:51.786" endtime="20230707 09:36:51.812"/>
</kw>
<kw name="Should Be Equal As Strings" library="BuiltIn">
<arg>${contenu_champ}</arg>
<arg>${contenu_comparaison}</arg>
<doc>Fails if objects are unequal after converting them to strings.</doc>
<status status="PASS" starttime="20230707 09:36:51.813" endtime="20230707 09:36:51.813"/>
</kw>
<status status="PASS" starttime="20230707 09:36:51.784" endtime="20230707 09:36:51.814"/>
</kw>
<kw name="Valider le contenu de un champ label" library="CommonFunctions">
<arg>${USerManager.SystemUsers.Add_titre_Champ.txt_password.xpath}</arg>
<arg>${USerManager.SystemUsers.Add_titre_Champ.txt_password.descriptiom}</arg>
<kw name="Get Text" library="SeleniumLibrary">
<var>${contenu_champ}</var>
<arg>${locator}</arg>
<doc>Returns the text value of the element identified by ``locator``.</doc>
<msg timestamp="20230707 09:36:51.853" level="INFO">${contenu_champ} = Password</msg>
<status status="PASS" starttime="20230707 09:36:51.816" endtime="20230707 09:36:51.854"/>
</kw>
<kw name="Should Be Equal As Strings" library="BuiltIn">
<arg>${contenu_champ}</arg>
<arg>${contenu_comparaison}</arg>
<doc>Fails if objects are unequal after converting them to strings.</doc>
<status status="PASS" starttime="20230707 09:36:51.854" endtime="20230707 09:36:51.855"/>
</kw>
<status status="PASS" starttime="20230707 09:36:51.814" endtime="20230707 09:36:51.855"/>
</kw>
<kw name="Valider le contenu de un champ label" library="CommonFunctions">
<arg>${USerManager.SystemUsers.Add_titre_Champ.txt_confirmpassword.xpath}</arg>
<arg>${USerManager.SystemUsers.Add_titre_Champ.txt_confirmpassword.descriptiom}</arg>
<kw name="Get Text" library="SeleniumLibrary">
<var>${contenu_champ}</var>
<arg>${locator}</arg>
<doc>Returns the text value of the element identified by ``locator``.</doc>
<msg timestamp="20230707 09:36:51.886" level="INFO">${contenu_champ} = Confirm Password</msg>
<status status="PASS" starttime="20230707 09:36:51.858" endtime="20230707 09:36:51.886"/>
</kw>
<kw name="Should Be Equal As Strings" library="BuiltIn">
<arg>${contenu_champ}</arg>
<arg>${contenu_comparaison}</arg>
<doc>Fails if objects are unequal after converting them to strings.</doc>
<status status="PASS" starttime="20230707 09:36:51.886" endtime="20230707 09:36:51.887"/>
</kw>
<status status="PASS" starttime="20230707 09:36:51.856" endtime="20230707 09:36:51.887"/>
</kw>
<status status="PASS" starttime="20230707 09:36:51.696" endtime="20230707 09:36:51.888"/>
</kw>
<kw name="Admin ajout nouveau utilisateur" library="AdminFonctionsPrincipales">
<doc>ce keyword a pour but d'ajouter un nouveau utilisateur</doc>
<kw name="Click Element" library="SeleniumLibrary">
<arg>${USerManager.SystemUsers.Add_Champ.list_user_role.xpath}</arg>
<doc>Click the element identified by ``locator``.</doc>
<msg timestamp="20230707 09:36:51.892" level="INFO">Clicking element '//html[1]/body[1]/div[1]/div[1]/div[2]/div[2]/div[1]/div[1]/form[1]/div[1]/div[1]/div[1]/div[1]/div[2]/div[1]/div[1]/div[2]/i[1]'.</msg>
<status status="PASS" starttime="20230707 09:36:51.890" endtime="20230707 09:36:51.952"/>
</kw>
<kw name="Wait Until Element Is Visible" library="SeleniumLibrary">
<arg>xpath= //div[@role='listbox']</arg>
<doc>Waits until the element ``locator`` is visible.</doc>
<status status="PASS" starttime="20230707 09:36:51.952" endtime="20230707 09:36:51.983"/>
</kw>
<kw name="Select From List By Value" library="SeleniumLibrary">
<arg>xpath= //div[@role='listbox']</arg>
<arg>Admin</arg>
<doc>Selects options from selection list ``locator`` by ``values``.</doc>
<msg timestamp="20230707 09:36:51.985" level="INFO">Selecting options from selection list 'xpath= //div[@role='listbox']' by value Admin.</msg>
<msg timestamp="20230707 09:36:52.130" level="INFO" html="true">&lt;/td&gt;&lt;/tr&gt;&lt;tr&gt;&lt;td colspan="3"&gt;&lt;a href="selenium-screenshot-15.png"&gt;&lt;img src="selenium-screenshot-15.png" width="800px"&gt;&lt;/a&gt;</msg>
<msg timestamp="20230707 09:36:52.130" level="FAIL">List with locator 'xpath= //div[@role='listbox']' not found.</msg>
<status status="FAIL" starttime="20230707 09:36:51.984" endtime="20230707 09:36:52.136"/>
</kw>
<kw name="Sleep" library="BuiltIn">
<arg>3</arg>
<doc>Pauses the test executed for the given time.</doc>
<status status="NOT RUN" starttime="20230707 09:36:52.136" endtime="20230707 09:36:52.136"/>
</kw>
<kw name="Input Text" library="SeleniumLibrary">
<arg>${USerManager.SystemUsers.Add_Champ.lbl_employee_name.xpath}</arg>
<arg>${USerManagerListe.Utilisateur1.employeeName}</arg>
<doc>Types the given ``text`` into the text field identified by ``locator``.</doc>
<status status="NOT RUN" starttime="20230707 09:36:52.137" endtime="20230707 09:36:52.137"/>
</kw>
<kw name="Input Text" library="SeleniumLibrary">
<arg>${USerManager.SystemUsers.Add_Champ.lbl_username.xpath}</arg>
<arg>${USerManagerListe.Utilisateur1.Username}</arg>
<doc>Types the given ``text`` into the text field identified by ``locator``.</doc>
<status status="NOT RUN" starttime="20230707 09:36:52.137" endtime="20230707 09:36:52.137"/>
</kw>
<kw name="Input Password" library="SeleniumLibrary">
<arg>${USerManager.SystemUsers.Add_Champ.lbl_password.xpath}</arg>
<arg>${USerManagerListe.Utilisateur1.password}</arg>
<doc>Types the given password into the text field identified by ``locator``.</doc>
<status status="NOT RUN" starttime="20230707 09:36:52.138" endtime="20230707 09:36:52.138"/>
</kw>
<kw name="Input Password" library="SeleniumLibrary">
<arg>${USerManager.SystemUsers.Add_Champ.lbl_confirm_password.xpath}</arg>
<arg>${USerManagerListe.Utilisateur1.password}</arg>
<doc>Types the given password into the text field identified by ``locator``.</doc>
<status status="NOT RUN" starttime="20230707 09:36:52.139" endtime="20230707 09:36:52.139"/>
</kw>
<kw name="Sleep" library="BuiltIn">
<arg>${ExecutionSettings.TIMEOUT}</arg>
<doc>Pauses the test executed for the given time.</doc>
<status status="NOT RUN" starttime="20230707 09:36:52.139" endtime="20230707 09:36:52.139"/>
</kw>
<kw name="Click Button" library="SeleniumLibrary">
<arg>${USerManager.SystemUsers.Add_titre_Champ.btn_save.xpath}</arg>
<doc>Clicks the button identified by ``locator``.</doc>
<status status="NOT RUN" starttime="20230707 09:36:52.139" endtime="20230707 09:36:52.140"/>
</kw>
<status status="FAIL" starttime="20230707 09:36:51.889" endtime="20230707 09:36:52.140"/>
</kw>
<kw name="fermeture du test case" library="CommonFunctions" type="TEARDOWN">
<kw name="Close All Browsers" library="SeleniumLibrary">
<doc>Closes all open browsers and resets the browser cache.</doc>
<status status="PASS" starttime="20230707 09:36:52.144" endtime="20230707 09:36:58.450"/>
</kw>
<status status="PASS" starttime="20230707 09:36:52.144" endtime="20230707 09:36:58.452"/>
</kw>
<tag>attente de numero sur jira</tag>
<status status="FAIL" starttime="20230707 09:36:15.718" endtime="20230707 09:36:58.452">List with locator 'xpath= //div[@role='listbox']' not found.</status>
</test>
<doc>Ce script sert a implimenter OH-1</doc>
<status status="FAIL" starttime="20230707 09:36:15.548" endtime="20230707 09:36:58.456"/>
</suite>
<statistics>
<total>
<stat pass="0" fail="1" skip="0">All Tests</stat>
</total>
<tag>
<stat pass="0" fail="1" skip="0">attente de numero sur jira</stat>
</tag>
<suite>
<stat pass="0" fail="1" skip="0" id="s1" name="Admin">Admin</stat>
</suite>
</statistics>
<errors>
</errors>
</robot>
